<?xml version="1.0" encoding="UTF-8"?>
<!-- Generated by org.testng.reporters.JUnitReportReporter -->
<testsuite hostname="DESKTOP-5FOVL37" failures="0" tests="1" name="testrunner.Runclass" time="0.026" errors="0" timestamp="2024-05-17T10:14:59 IST" skipped="0">
  <testcase classname="testrunner.Runclass" name="runCucumber" time="0.026"/>
</testsuite> <!-- testrunner.Runclass -->
